{"/home/mel/Videos/code/web/typeScript/task-crud-insightt-backend/src/controllers/taskController.ts": {"path":"/home/mel/Videos/code/web/typeScript/task-crud-insightt-backend/src/controllers/taskController.ts","statementMap":{"0":{"start":{"line":3,"column":0},"end":{"line":3,"column":56}},"1":{"start":{"line":7,"column":17},"end":{"line":18,"column":null}},"2":{"start":{"line":7,"column":75},"end":{"line":18,"column":null}},"3":{"start":{"line":8,"column":2},"end":{"line":8,"column":36}},"4":{"start":{"line":10,"column":2},"end":{"line":17,"column":3}},"5":{"start":{"line":11,"column":19},"end":{"line":11,"column":41}},"6":{"start":{"line":12,"column":18},"end":{"line":12,"column":53}},"7":{"start":{"line":13,"column":4},"end":{"line":13,"column":20}},"8":{"start":{"line":15,"column":4},"end":{"line":15,"column":50}},"9":{"start":{"line":16,"column":4},"end":{"line":16,"column":16}},"10":{"start":{"line":20,"column":19},"end":{"line":43,"column":null}},"11":{"start":{"line":20,"column":98},"end":{"line":43,"column":null}},"12":{"start":{"line":21,"column":2},"end":{"line":21,"column":37}},"13":{"start":{"line":23,"column":2},"end":{"line":41,"column":3}},"14":{"start":{"line":24,"column":44},"end":{"line":24,"column":52}},"15":{"start":{"line":25,"column":19},"end":{"line":25,"column":41}},"16":{"start":{"line":26,"column":4},"end":{"line":26,"column":66}},"17":{"start":{"line":28,"column":20},"end":{"line":28,"column":91}},"18":{"start":{"line":30,"column":4},"end":{"line":32,"column":5}},"19":{"start":{"line":31,"column":6},"end":{"line":31,"column":61}},"20":{"start":{"line":34,"column":4},"end":{"line":37,"column":7}},"21":{"start":{"line":39,"column":4},"end":{"line":39,"column":49}},"22":{"start":{"line":40,"column":4},"end":{"line":40,"column":16}},"23":{"start":{"line":45,"column":19},"end":{"line":69,"column":null}},"24":{"start":{"line":45,"column":77},"end":{"line":69,"column":null}},"25":{"start":{"line":46,"column":17},"end":{"line":46,"column":30}},"26":{"start":{"line":47,"column":2},"end":{"line":47,"column":50}},"27":{"start":{"line":49,"column":2},"end":{"line":68,"column":3}},"28":{"start":{"line":50,"column":44},"end":{"line":50,"column":52}},"29":{"start":{"line":51,"column":19},"end":{"line":51,"column":41}},"30":{"start":{"line":52,"column":4},"end":{"line":52,"column":74}},"31":{"start":{"line":54,"column":24},"end":{"line":54,"column":102}},"32":{"start":{"line":56,"column":4},"end":{"line":58,"column":5}},"33":{"start":{"line":57,"column":6},"end":{"line":57,"column":56}},"34":{"start":{"line":60,"column":4},"end":{"line":63,"column":7}},"35":{"start":{"line":66,"column":4},"end":{"line":66,"column":67}},"36":{"start":{"line":67,"column":4},"end":{"line":67,"column":16}},"37":{"start":{"line":71,"column":19},"end":{"line":93,"column":null}},"38":{"start":{"line":71,"column":77},"end":{"line":93,"column":null}},"39":{"start":{"line":72,"column":17},"end":{"line":72,"column":30}},"40":{"start":{"line":73,"column":2},"end":{"line":73,"column":50}},"41":{"start":{"line":75,"column":2},"end":{"line":92,"column":3}},"42":{"start":{"line":76,"column":19},"end":{"line":76,"column":41}},"43":{"start":{"line":77,"column":24},"end":{"line":77,"column":61}},"44":{"start":{"line":79,"column":4},"end":{"line":81,"column":5}},"45":{"start":{"line":80,"column":6},"end":{"line":80,"column":56}},"46":{"start":{"line":84,"column":4},"end":{"line":87,"column":7}},"47":{"start":{"line":90,"column":4},"end":{"line":90,"column":67}},"48":{"start":{"line":91,"column":4},"end":{"line":91,"column":16}},"49":{"start":{"line":95,"column":25},"end":{"line":117,"column":null}},"50":{"start":{"line":95,"column":63},"end":{"line":117,"column":null}},"51":{"start":{"line":96,"column":17},"end":{"line":96,"column":30}},"52":{"start":{"line":97,"column":2},"end":{"line":97,"column":61}},"53":{"start":{"line":99,"column":2},"end":{"line":116,"column":3}},"54":{"start":{"line":100,"column":19},"end":{"line":100,"column":41}},"55":{"start":{"line":102,"column":25},"end":{"line":102,"column":68}},"56":{"start":{"line":104,"column":4},"end":{"line":106,"column":5}},"57":{"start":{"line":105,"column":6},"end":{"line":105,"column":56}},"58":{"start":{"line":108,"column":4},"end":{"line":111,"column":7}},"59":{"start":{"line":114,"column":4},"end":{"line":114,"column":78}},"60":{"start":{"line":115,"column":4},"end":{"line":115,"column":61}},"61":{"start":{"line":119,"column":13},"end":{"line":125,"column":null}}},"fnMap":{"0":{"name":"(anonymous_7)","decl":{"start":{"line":7,"column":17},"end":{"line":7,"column":24}},"loc":{"start":{"line":7,"column":75},"end":{"line":18,"column":null}}},"1":{"name":"(anonymous_8)","decl":{"start":{"line":7,"column":75},"end":{"line":7,"column":null}},"loc":{"start":{"line":7,"column":75},"end":{"line":18,"column":1}}},"2":{"name":"(anonymous_9)","decl":{"start":{"line":20,"column":19},"end":{"line":20,"column":26}},"loc":{"start":{"line":20,"column":98},"end":{"line":43,"column":null}}},"3":{"name":"(anonymous_10)","decl":{"start":{"line":20,"column":98},"end":{"line":20,"column":null}},"loc":{"start":{"line":20,"column":98},"end":{"line":43,"column":1}}},"4":{"name":"(anonymous_11)","decl":{"start":{"line":45,"column":19},"end":{"line":45,"column":26}},"loc":{"start":{"line":45,"column":77},"end":{"line":69,"column":null}}},"5":{"name":"(anonymous_12)","decl":{"start":{"line":45,"column":77},"end":{"line":45,"column":null}},"loc":{"start":{"line":45,"column":77},"end":{"line":69,"column":1}}},"6":{"name":"(anonymous_13)","decl":{"start":{"line":71,"column":19},"end":{"line":71,"column":26}},"loc":{"start":{"line":71,"column":77},"end":{"line":93,"column":null}}},"7":{"name":"(anonymous_14)","decl":{"start":{"line":71,"column":77},"end":{"line":71,"column":null}},"loc":{"start":{"line":71,"column":77},"end":{"line":93,"column":1}}},"8":{"name":"(anonymous_15)","decl":{"start":{"line":95,"column":25},"end":{"line":95,"column":32}},"loc":{"start":{"line":95,"column":63},"end":{"line":117,"column":null}}},"9":{"name":"(anonymous_16)","decl":{"start":{"line":95,"column":63},"end":{"line":95,"column":null}},"loc":{"start":{"line":95,"column":63},"end":{"line":117,"column":1}}}},"branchMap":{"0":{"loc":{"start":{"line":11,"column":19},"end":{"line":11,"column":41}},"type":"cond-expr","locations":[{"start":{"line":11,"column":36},"end":{"line":11,"column":38}},{"start":{"line":11,"column":36},"end":{"line":11,"column":41}}]},"1":{"loc":{"start":{"line":11,"column":19},"end":{"line":11,"column":38}},"type":"binary-expr","locations":[{"start":{"line":11,"column":19},"end":{"line":11,"column":38}},{"start":{"line":11,"column":36},"end":{"line":11,"column":38}}]},"2":{"loc":{"start":{"line":25,"column":19},"end":{"line":25,"column":41}},"type":"cond-expr","locations":[{"start":{"line":25,"column":36},"end":{"line":25,"column":38}},{"start":{"line":25,"column":36},"end":{"line":25,"column":41}}]},"3":{"loc":{"start":{"line":25,"column":19},"end":{"line":25,"column":38}},"type":"binary-expr","locations":[{"start":{"line":25,"column":19},"end":{"line":25,"column":38}},{"start":{"line":25,"column":36},"end":{"line":25,"column":38}}]},"4":{"loc":{"start":{"line":30,"column":4},"end":{"line":32,"column":5}},"type":"if","locations":[{"start":{"line":30,"column":4},"end":{"line":32,"column":5}}]},"5":{"loc":{"start":{"line":30,"column":8},"end":{"line":30,"column":49}},"type":"binary-expr","locations":[{"start":{"line":30,"column":8},"end":{"line":30,"column":29}},{"start":{"line":30,"column":33},"end":{"line":30,"column":49}}]},"6":{"loc":{"start":{"line":51,"column":19},"end":{"line":51,"column":41}},"type":"cond-expr","locations":[{"start":{"line":51,"column":36},"end":{"line":51,"column":38}},{"start":{"line":51,"column":36},"end":{"line":51,"column":41}}]},"7":{"loc":{"start":{"line":51,"column":19},"end":{"line":51,"column":38}},"type":"binary-expr","locations":[{"start":{"line":51,"column":19},"end":{"line":51,"column":38}},{"start":{"line":51,"column":36},"end":{"line":51,"column":38}}]},"8":{"loc":{"start":{"line":56,"column":4},"end":{"line":58,"column":5}},"type":"if","locations":[{"start":{"line":56,"column":4},"end":{"line":58,"column":5}}]},"9":{"loc":{"start":{"line":56,"column":8},"end":{"line":56,"column":55}},"type":"binary-expr","locations":[{"start":{"line":56,"column":8},"end":{"line":56,"column":32}},{"start":{"line":56,"column":36},"end":{"line":56,"column":55}}]},"10":{"loc":{"start":{"line":76,"column":19},"end":{"line":76,"column":41}},"type":"cond-expr","locations":[{"start":{"line":76,"column":36},"end":{"line":76,"column":38}},{"start":{"line":76,"column":36},"end":{"line":76,"column":41}}]},"11":{"loc":{"start":{"line":76,"column":19},"end":{"line":76,"column":38}},"type":"binary-expr","locations":[{"start":{"line":76,"column":19},"end":{"line":76,"column":38}},{"start":{"line":76,"column":36},"end":{"line":76,"column":38}}]},"12":{"loc":{"start":{"line":79,"column":4},"end":{"line":81,"column":5}},"type":"if","locations":[{"start":{"line":79,"column":4},"end":{"line":81,"column":5}}]},"13":{"loc":{"start":{"line":79,"column":8},"end":{"line":79,"column":55}},"type":"binary-expr","locations":[{"start":{"line":79,"column":8},"end":{"line":79,"column":32}},{"start":{"line":79,"column":36},"end":{"line":79,"column":55}}]},"14":{"loc":{"start":{"line":100,"column":19},"end":{"line":100,"column":41}},"type":"cond-expr","locations":[{"start":{"line":100,"column":36},"end":{"line":100,"column":38}},{"start":{"line":100,"column":36},"end":{"line":100,"column":41}}]},"15":{"loc":{"start":{"line":100,"column":19},"end":{"line":100,"column":38}},"type":"binary-expr","locations":[{"start":{"line":100,"column":19},"end":{"line":100,"column":38}},{"start":{"line":100,"column":36},"end":{"line":100,"column":38}}]},"16":{"loc":{"start":{"line":104,"column":4},"end":{"line":106,"column":5}},"type":"if","locations":[{"start":{"line":104,"column":4},"end":{"line":106,"column":5}}]},"17":{"loc":{"start":{"line":104,"column":8},"end":{"line":104,"column":57}},"type":"binary-expr","locations":[{"start":{"line":104,"column":8},"end":{"line":104,"column":33}},{"start":{"line":104,"column":37},"end":{"line":104,"column":57}}]}},"s":{"0":1,"1":1,"2":2,"3":2,"4":2,"5":2,"6":2,"7":1,"8":1,"9":1,"10":1,"11":2,"12":2,"13":2,"14":2,"15":2,"16":2,"17":2,"18":2,"19":1,"20":2,"21":0,"22":0,"23":1,"24":2,"25":2,"26":2,"27":2,"28":2,"29":2,"30":2,"31":2,"32":2,"33":1,"34":2,"35":0,"36":0,"37":1,"38":2,"39":2,"40":2,"41":2,"42":2,"43":2,"44":2,"45":1,"46":2,"47":0,"48":0,"49":1,"50":2,"51":2,"52":2,"53":2,"54":2,"55":2,"56":2,"57":1,"58":2,"59":0,"60":0,"61":1},"f":{"0":2,"1":2,"2":2,"3":2,"4":2,"5":2,"6":2,"7":2,"8":2,"9":2},"b":{"0":[0,2],"1":[2,2],"2":[0,2],"3":[2,2],"4":[1],"5":[2,2],"6":[0,2],"7":[2,2],"8":[1],"9":[2,1],"10":[0,2],"11":[2,2],"12":[1],"13":[2,1],"14":[0,2],"15":[2,2],"16":[1],"17":[2,1]}}
,"/home/mel/Videos/code/web/typeScript/task-crud-insightt-backend/src/services/tasksService.ts": {"path":"/home/mel/Videos/code/web/typeScript/task-crud-insightt-backend/src/services/tasksService.ts","statementMap":{"0":{"start":{"line":2,"column":0},"end":{"line":2,"column":34}},"1":{"start":{"line":4,"column":17},"end":{"line":7,"column":null}},"2":{"start":{"line":4,"column":42},"end":{"line":7,"column":null}},"3":{"start":{"line":5,"column":2},"end":{"line":5,"column":54}},"4":{"start":{"line":6,"column":2},"end":{"line":6,"column":47}},"5":{"start":{"line":10,"column":22},"end":{"line":15,"column":null}},"6":{"start":{"line":10,"column":103},"end":{"line":15,"column":null}},"7":{"start":{"line":11,"column":2},"end":{"line":11,"column":56}},"8":{"start":{"line":13,"column":18},"end":{"line":13,"column":76}},"9":{"start":{"line":14,"column":2},"end":{"line":14,"column":17}},"10":{"start":{"line":18,"column":19},"end":{"line":29,"column":null}},"11":{"start":{"line":18,"column":92},"end":{"line":29,"column":null}},"12":{"start":{"line":19,"column":2},"end":{"line":19,"column":50}},"13":{"start":{"line":21,"column":15},"end":{"line":21,"column":64}},"14":{"start":{"line":23,"column":2},"end":{"line":25,"column":3}},"15":{"start":{"line":24,"column":4},"end":{"line":24,"column":16}},"16":{"start":{"line":27,"column":2},"end":{"line":27,"column":32}},"17":{"start":{"line":28,"column":2},"end":{"line":28,"column":27}},"18":{"start":{"line":32,"column":19},"end":{"line":38,"column":null}},"19":{"start":{"line":32,"column":45},"end":{"line":38,"column":null}},"20":{"start":{"line":33,"column":2},"end":{"line":33,"column":50}},"21":{"start":{"line":36,"column":23},"end":{"line":36,"column":68}},"22":{"start":{"line":37,"column":2},"end":{"line":37,"column":22}},"23":{"start":{"line":41,"column":25},"end":{"line":46,"column":null}},"24":{"start":{"line":41,"column":50},"end":{"line":46,"column":null}},"25":{"start":{"line":42,"column":2},"end":{"line":42,"column":61}},"26":{"start":{"line":44,"column":2},"end":{"line":45,"column":31}},"27":{"start":{"line":49,"column":13},"end":{"line":55,"column":2}}},"fnMap":{"0":{"name":"(anonymous_8)","decl":{"start":{"line":4,"column":17},"end":{"line":4,"column":24}},"loc":{"start":{"line":4,"column":42},"end":{"line":7,"column":null}}},"1":{"name":"(anonymous_9)","decl":{"start":{"line":4,"column":42},"end":{"line":4,"column":null}},"loc":{"start":{"line":4,"column":42},"end":{"line":7,"column":1}}},"2":{"name":"(anonymous_10)","decl":{"start":{"line":10,"column":22},"end":{"line":10,"column":29}},"loc":{"start":{"line":10,"column":103},"end":{"line":15,"column":null}}},"3":{"name":"(anonymous_11)","decl":{"start":{"line":10,"column":103},"end":{"line":10,"column":null}},"loc":{"start":{"line":10,"column":103},"end":{"line":15,"column":1}}},"4":{"name":"(anonymous_12)","decl":{"start":{"line":18,"column":19},"end":{"line":18,"column":26}},"loc":{"start":{"line":18,"column":92},"end":{"line":29,"column":null}}},"5":{"name":"(anonymous_13)","decl":{"start":{"line":18,"column":92},"end":{"line":18,"column":null}},"loc":{"start":{"line":18,"column":92},"end":{"line":29,"column":1}}},"6":{"name":"(anonymous_14)","decl":{"start":{"line":32,"column":19},"end":{"line":32,"column":27}},"loc":{"start":{"line":32,"column":45},"end":{"line":38,"column":null}}},"7":{"name":"(anonymous_15)","decl":{"start":{"line":32,"column":45},"end":{"line":32,"column":null}},"loc":{"start":{"line":32,"column":45},"end":{"line":38,"column":1}}},"8":{"name":"(anonymous_16)","decl":{"start":{"line":41,"column":25},"end":{"line":41,"column":32}},"loc":{"start":{"line":41,"column":50},"end":{"line":46,"column":null}}},"9":{"name":"(anonymous_17)","decl":{"start":{"line":41,"column":50},"end":{"line":41,"column":null}},"loc":{"start":{"line":41,"column":50},"end":{"line":46,"column":1}}}},"branchMap":{"0":{"loc":{"start":{"line":23,"column":2},"end":{"line":25,"column":3}},"type":"if","locations":[{"start":{"line":23,"column":2},"end":{"line":25,"column":3}}]}},"s":{"0":2,"1":2,"2":2,"3":2,"4":2,"5":2,"6":2,"7":2,"8":2,"9":1,"10":2,"11":2,"12":2,"13":2,"14":2,"15":1,"16":1,"17":1,"18":2,"19":2,"20":2,"21":2,"22":2,"23":2,"24":2,"25":2,"26":2,"27":2},"f":{"0":2,"1":2,"2":2,"3":2,"4":2,"5":2,"6":2,"7":2,"8":2,"9":2},"b":{"0":[1]}}
}
