TN:
SF:src/controllers/taskController.ts
FN:7,(anonymous_7)
FN:7,(anonymous_8)
FN:20,(anonymous_9)
FN:20,(anonymous_10)
FN:45,(anonymous_11)
FN:45,(anonymous_12)
FN:71,(anonymous_13)
FN:71,(anonymous_14)
FN:95,(anonymous_15)
FN:95,(anonymous_16)
FNF:10
FNH:10
FNDA:2,(anonymous_7)
FNDA:2,(anonymous_8)
FNDA:2,(anonymous_9)
FNDA:2,(anonymous_10)
FNDA:2,(anonymous_11)
FNDA:2,(anonymous_12)
FNDA:2,(anonymous_13)
FNDA:2,(anonymous_14)
FNDA:2,(anonymous_15)
FNDA:2,(anonymous_16)
DA:3,1
DA:7,2
DA:8,2
DA:10,2
DA:11,2
DA:12,2
DA:13,1
DA:15,1
DA:16,1
DA:20,2
DA:21,2
DA:23,2
DA:24,2
DA:25,2
DA:26,2
DA:28,2
DA:30,2
DA:31,1
DA:34,2
DA:39,0
DA:40,0
DA:45,2
DA:46,2
DA:47,2
DA:49,2
DA:50,2
DA:51,2
DA:52,2
DA:54,2
DA:56,2
DA:57,1
DA:60,2
DA:66,0
DA:67,0
DA:71,2
DA:72,2
DA:73,2
DA:75,2
DA:76,2
DA:77,2
DA:79,2
DA:80,1
DA:84,2
DA:90,0
DA:91,0
DA:95,2
DA:96,2
DA:97,2
DA:99,2
DA:100,2
DA:102,2
DA:104,2
DA:105,1
DA:108,2
DA:114,0
DA:115,0
DA:119,1
LF:57
LH:49
BRDA:11,0,0,0
BRDA:11,0,1,2
BRDA:11,1,0,2
BRDA:11,1,1,2
BRDA:25,2,0,0
BRDA:25,2,1,2
BRDA:25,3,0,2
BRDA:25,3,1,2
BRDA:30,4,0,1
BRDA:30,5,0,2
BRDA:30,5,1,2
BRDA:51,6,0,0
BRDA:51,6,1,2
BRDA:51,7,0,2
BRDA:51,7,1,2
BRDA:56,8,0,1
BRDA:56,9,0,2
BRDA:56,9,1,1
BRDA:76,10,0,0
BRDA:76,10,1,2
BRDA:76,11,0,2
BRDA:76,11,1,2
BRDA:79,12,0,1
BRDA:79,13,0,2
BRDA:79,13,1,1
BRDA:100,14,0,0
BRDA:100,14,1,2
BRDA:100,15,0,2
BRDA:100,15,1,2
BRDA:104,16,0,1
BRDA:104,17,0,2
BRDA:104,17,1,1
BRF:32
BRH:27
end_of_record
TN:
SF:src/services/tasksService.ts
FN:4,(anonymous_8)
FN:4,(anonymous_9)
FN:10,(anonymous_10)
FN:10,(anonymous_11)
FN:18,(anonymous_12)
FN:18,(anonymous_13)
FN:32,(anonymous_14)
FN:32,(anonymous_15)
FN:41,(anonymous_16)
FN:41,(anonymous_17)
FNF:10
FNH:10
FNDA:2,(anonymous_8)
FNDA:2,(anonymous_9)
FNDA:2,(anonymous_10)
FNDA:2,(anonymous_11)
FNDA:2,(anonymous_12)
FNDA:2,(anonymous_13)
FNDA:2,(anonymous_14)
FNDA:2,(anonymous_15)
FNDA:2,(anonymous_16)
FNDA:2,(anonymous_17)
DA:2,2
DA:4,2
DA:5,2
DA:6,2
DA:10,2
DA:11,2
DA:13,2
DA:14,1
DA:18,2
DA:19,2
DA:21,2
DA:23,2
DA:24,1
DA:27,1
DA:28,1
DA:32,2
DA:33,2
DA:36,2
DA:37,2
DA:41,2
DA:42,2
DA:44,2
DA:49,2
LF:23
LH:23
BRDA:23,0,0,1
BRF:1
BRH:1
end_of_record
